<?xml version="1.0" encoding="UTF-8"?>
<testsuite name="com.journeyapps.barcodescanner.camera.CenterCropStrategyTest" tests="1" skipped="0" failures="0" errors="0" timestamp="2020-11-07T04:03:12" hostname="LS--20181209LVN" time="0.002">
  <properties/>
  <testcase name="testOrdering" classname="com.journeyapps.barcodescanner.camera.CenterCropStrategyTest" time="0.002"/>
  <system-out><![CDATA[]]></system-out>
  <system-err><![CDATA[]]></system-err>
</testsuite>
