<?xml version="1.0" encoding="UTF-8"?>
<testsuite name="com.journeyapps.barcodescanner.SizeTest" tests="6" skipped="0" failures="0" errors="0" timestamp="2020-11-07T04:03:11" hostname="LS--20181209LVN" time="0.002">
  <properties/>
  <testcase name="testScaleCrop" classname="com.journeyapps.barcodescanner.SizeTest" time="0.0"/>
  <testcase name="testScale" classname="com.journeyapps.barcodescanner.SizeTest" time="0.0"/>
  <testcase name="testScaleFit" classname="com.journeyapps.barcodescanner.SizeTest" time="0.0"/>
  <testcase name="testCompare" classname="com.journeyapps.barcodescanner.SizeTest" time="0.0"/>
  <testcase name="testFitsIn" classname="com.journeyapps.barcodescanner.SizeTest" time="0.0"/>
  <testcase name="testRotate" classname="com.journeyapps.barcodescanner.SizeTest" time="0.001"/>
  <system-out><![CDATA[]]></system-out>
  <system-err><![CDATA[]]></system-err>
</testsuite>
